# JRE version: OpenJDK Runtime Environment (8.0_112-b06) (build 1.8.0_112-release-b06)
# Java VM: OpenJDK 64-Bit Server VM (25.112-b06 mixed mode linux-amd64 compressed oops)
Heap:
 PSYoungGen      total 421376K, used 59196K [0x00000000e0000000, 0x00000000ff300000, 0x0000000100000000)
  eden space 346112K, 0% used [0x00000000e0000000,0x00000000e0000000,0x00000000f5200000)
  from space 75264K, 78% used [0x00000000f5200000,0x00000000f8bcf310,0x00000000f9b80000)
  to   space 60928K, 0% used [0x00000000f9b80000,0x00000000f9b80000,0x00000000fd700000)
 ParOldGen       total 163328K, used 136288K [0x00000000a0000000, 0x00000000a9f80000, 0x00000000e0000000)
  object space 163328K, 83% used [0x00000000a0000000,0x00000000a85180d0,0x00000000a9f80000)
 Metaspace       used 72467K, capacity 77704K, committed 78000K, reserved 1118208K
  class space    used 9123K, capacity 9837K, committed 9904K, reserved 1048576K
GC Heap History (10 events):
Event: 818.639 GC heap after
Heap after GC invocations=46 (full 3):
 PSYoungGen      total 290304K, used 29153K [0x00000000e0000000, 0x00000000f7b80000, 0x0000000100000000)
  eden space 261120K, 0% used [0x00000000e0000000,0x00000000e0000000,0x00000000eff00000)
  from space 29184K, 99% used [0x00000000eff00000,0x00000000f1b78788,0x00000000f1b80000)
  to   space 43520K, 0% used [0x00000000f5100000,0x00000000f5100000,0x00000000f7b80000)
 ParOldGen       total 91648K, used 91424K [0x00000000a0000000, 0x00000000a5980000, 0x00000000e0000000)
  object space 91648K, 99% used [0x00000000a0000000,0x00000000a5948218,0x00000000a5980000)
 Metaspace       used 72143K, capacity 77354K, committed 77488K, reserved 1116160K
  class space    used 9125K, capacity 9844K, committed 9904K, reserved 1048576K
}
Event: 818.723 GC heap before
{Heap before GC invocations=47 (full 4):
 PSYoungGen      total 290304K, used 29153K [0x00000000e0000000, 0x00000000f7b80000, 0x0000000100000000)
  eden space 261120K, 0% used [0x00000000e0000000,0x00000000e0000000,0x00000000eff00000)
  from space 29184K, 99% used [0x00000000eff00000,0x00000000f1b78788,0x00000000f1b80000)
  to   space 43520K, 0% used [0x00000000f5100000,0x00000000f5100000,0x00000000f7b80000)
 ParOldGen       total 91648K, used 91424K [0x00000000a0000000, 0x00000000a5980000, 0x00000000e0000000)
  object space 91648K, 99% used [0x00000000a0000000,0x00000000a5948218,0x00000000a5980000)
 Metaspace       used 72143K, capacity 77354K, committed 77488K, reserved 1116160K
  class space    used 9125K, capacity 9844K, committed 9904K, reserved 1048576K
Event: 819.746 GC heap after
Heap after GC invocations=47 (full 4):
 PSYoungGen      total 290304K, used 987K [0x00000000e0000000, 0x00000000f7b80000, 0x0000000100000000)
  eden space 261120K, 0% used [0x00000000e0000000,0x00000000e0000000,0x00000000eff00000)
  from space 29184K, 3% used [0x00000000eff00000,0x00000000efff6ea8,0x00000000f1b80000)
  to   space 43520K, 0% used [0x00000000f5100000,0x00000000f5100000,0x00000000f7b80000)
 ParOldGen       total 163328K, used 91169K [0x00000000a0000000, 0x00000000a9f80000, 0x00000000e0000000)
  object space 163328K, 55% used [0x00000000a0000000,0x00000000a59085c0,0x00000000a9f80000)
 Metaspace       used 72129K, capacity 77320K, committed 77488K, reserved 1116160K
  class space    used 9121K, capacity 9837K, committed 9904K, reserved 1048576K
}
Event: 820.527 GC heap before
{Heap before GC invocations=48 (full 4):
 PSYoungGen      total 290304K, used 262107K [0x00000000e0000000, 0x00000000f7b80000, 0x0000000100000000)
  eden space 261120K, 100% used [0x00000000e0000000,0x00000000eff00000,0x00000000eff00000)
  from space 29184K, 3% used [0x00000000eff00000,0x00000000efff6ea8,0x00000000f1b80000)
  to   space 43520K, 0% used [0x00000000f5100000,0x00000000f5100000,0x00000000f7b80000)
 ParOldGen       total 163328K, used 91169K [0x00000000a0000000, 0x00000000a9f80000, 0x00000000e0000000)
  object space 163328K, 55% used [0x00000000a0000000,0x00000000a59085c0,0x00000000a9f80000)
 Metaspace       used 72207K, capacity 77448K, committed 77744K, reserved 1118208K
  class space    used 9123K, capacity 9837K, committed 9904K, reserved 1048576K
Event: 820.591 GC heap after
Heap after GC invocations=48 (full 4):
 PSYoungGen      total 342528K, used 30499K [0x00000000e0000000, 0x00000000f8480000, 0x0000000100000000)
  eden space 299008K, 0% used [0x00000000e0000000,0x00000000e0000000,0x00000000f2400000)
  from space 43520K, 70% used [0x00000000f5100000,0x00000000f6ec8d50,0x00000000f7b80000)
  to   space 46080K, 0% used [0x00000000f2400000,0x00000000f2400000,0x00000000f5100000)
 ParOldGen       total 163328K, used 91169K [0x00000000a0000000, 0x00000000a9f80000, 0x00000000e0000000)
  object space 163328K, 55% used [0x00000000a0000000,0x00000000a59085c0,0x00000000a9f80000)
 Metaspace       used 72207K, capacity 77448K, committed 77744K, reserved 1118208K
  class space    used 9123K, capacity 9837K, committed 9904K, reserved 1048576K
}
Event: 821.681 GC heap before
{Heap before GC invocations=49 (full 4):
 PSYoungGen      total 342528K, used 329507K [0x00000000e0000000, 0x00000000f8480000, 0x0000000100000000)
  eden space 299008K, 100% used [0x00000000e0000000,0x00000000f2400000,0x00000000f2400000)
  from space 43520K, 70% used [0x00000000f5100000,0x00000000f6ec8d50,0x00000000f7b80000)
  to   space 46080K, 0% used [0x00000000f2400000,0x00000000f2400000,0x00000000f5100000)
 ParOldGen       total 163328K, used 91169K [0x00000000a0000000, 0x00000000a9f80000, 0x00000000e0000000)
  object space 163328K, 55% used [0x00000000a0000000,0x00000000a59085c0,0x00000000a9f80000)
 Metaspace       used 72335K, capacity 77576K, committed 77744K, reserved 1118208K
  class space    used 9123K, capacity 9837K, committed 9904K, reserved 1048576K
Event: 822.151 GC heap after
Heap after GC invocations=49 (full 4):
 PSYoungGen      total 345088K, used 46071K [0x00000000e0000000, 0x00000000fd700000, 0x0000000100000000)
  eden space 299008K, 0% used [0x00000000e0000000,0x00000000e0000000,0x00000000f2400000)
  from space 46080K, 99% used [0x00000000f2400000,0x00000000f50fde28,0x00000000f5100000)
  to   space 60928K, 0% used [0x00000000f9b80000,0x00000000f9b80000,0x00000000fd700000)
 ParOldGen       total 163328K, used 110088K [0x00000000a0000000, 0x00000000a9f80000, 0x00000000e0000000)
  object space 163328K, 67% used [0x00000000a0000000,0x00000000a6b822f8,0x00000000a9f80000)
 Metaspace       used 72335K, capacity 77576K, committed 77744K, reserved 1118208K
  class space    used 9123K, capacity 9837K, committed 9904K, reserved 1048576K
}
Event: 824.077 GC heap before
{Heap before GC invocations=50 (full 4):
 PSYoungGen      total 345088K, used 345079K [0x00000000e0000000, 0x00000000fd700000, 0x0000000100000000)
  eden space 299008K, 100% used [0x00000000e0000000,0x00000000f2400000,0x00000000f2400000)
  from space 46080K, 99% used [0x00000000f2400000,0x00000000f50fde28,0x00000000f5100000)
  to   space 60928K, 0% used [0x00000000f9b80000,0x00000000f9b80000,0x00000000fd700000)
 ParOldGen       total 163328K, used 110088K [0x00000000a0000000, 0x00000000a9f80000, 0x00000000e0000000)
  object space 163328K, 67% used [0x00000000a0000000,0x00000000a6b822f8,0x00000000a9f80000)
 Metaspace       used 72450K, capacity 77640K, committed 77744K, reserved 1118208K
  class space    used 9123K, capacity 9837K, committed 9904K, reserved 1048576K
Event: 824.270 GC heap after
Heap after GC invocations=50 (full 4):
 PSYoungGen      total 407040K, used 60906K [0x00000000e0000000, 0x00000000ff300000, 0x0000000100000000)
  eden space 346112K, 0% used [0x00000000e0000000,0x00000000e0000000,0x00000000f5200000)
  from space 60928K, 99% used [0x00000000f9b80000,0x00000000fd6fab10,0x00000000fd700000)
  to   space 75264K, 0% used [0x00000000f5200000,0x00000000f5200000,0x00000000f9b80000)
 ParOldGen       total 163328K, used 121184K [0x00000000a0000000, 0x00000000a9f80000, 0x00000000e0000000)
  object space 163328K, 74% used [0x00000000a0000000,0x00000000a76582f0,0x00000000a9f80000)
 Metaspace       used 72450K, capacity 77640K, committed 77744K, reserved 1118208K
  class space    used 9123K, capacity 9837K, committed 9904K, reserved 1048576K
}
Event: 879.219 GC heap before
{Heap before GC invocations=51 (full 4):
 PSYoungGen      total 407040K, used 407018K [0x00000000e0000000, 0x00000000ff300000, 0x0000000100000000)
  eden space 346112K, 100% used [0x00000000e0000000,0x00000000f5200000,0x00000000f5200000)
  from space 60928K, 99% used [0x00000000f9b80000,0x00000000fd6fab10,0x00000000fd700000)
  to   space 75264K, 0% used [0x00000000f5200000,0x00000000f5200000,0x00000000f9b80000)
 ParOldGen       total 163328K, used 121184K [0x00000000a0000000, 0x00000000a9f80000, 0x00000000e0000000)
  object space 163328K, 74% used [0x00000000a0000000,0x00000000a76582f0,0x00000000a9f80000)
 Metaspace       used 72467K, capacity 77704K, committed 78000K, reserved 1118208K
  class space    used 9123K, capacity 9837K, committed 9904K, reserved 1048576K

